# JRE version: OpenJDK Runtime Environment Temurin-21.0.9+10 (21.0.9+10) (build 21.0.9+10-LTS)
# Java VM: OpenJDK 64-Bit Server VM Temurin-21.0.9+10 (21.0.9+10-LTS, mixed mode, sharing, tiered, compressed oops, compressed class ptrs, parallel gc, windows-amd64)
GC Precious Log:
 CardTable entry size: 512
 CPUs: 4 total, 4 available
 Memory: 4001M
 Large Page Support: Disabled
 NUMA Support: Disabled
 Compressed Oops: Enabled (32-bit)
 Alignments: Space 512K, Generation 512K, Heap 2M
 Heap Min Capacity: 100M
 Heap Initial Capacity: 100M
 Heap Max Capacity: 2G
 Pre-touch: Disabled
 Parallel Workers: 4
Heap:
 PSYoungGen      total 7680K, used 2221K [0x00000000d5580000, 0x00000000d6100000, 0x0000000100000000)
  eden space 7168K, 27% used [0x00000000d5580000,0x00000000d57736f8,0x00000000d5c80000)
  from space 512K, 43% used [0x00000000d6080000,0x00000000d60b8040,0x00000000d6100000)
  to   space 512K, 0% used [0x00000000d6000000,0x00000000d6000000,0x00000000d6080000)
 ParOldGen       total 636928K, used 636897K [0x0000000080000000, 0x00000000a6e00000, 0x00000000d5580000)
  object space 636928K, 99% used [0x0000000080000000,0x00000000a6df84b0,0x00000000a6e00000)
 Metaspace       used 83219K, committed 84800K, reserved 1179648K
  class space    used 8513K, committed 9216K, reserved 1048576K
GC Heap History (20 events):
Event: 12220.187 GC heap before
{Heap before GC invocations=787 (full 4):
 PSYoungGen      total 10752K, used 10254K [0x00000000d5580000, 0x00000000d6580000, 0x0000000100000000)
  eden space 8192K, 100% used [0x00000000d5580000,0x00000000d5d80000,0x00000000d5d80000)
  from space 2560K, 80% used [0x00000000d6300000,0x00000000d65039a0,0x00000000d6580000)
  to   space 3072K, 0% used [0x00000000d5f80000,0x00000000d5f80000,0x00000000d6280000)
 ParOldGen       total 629248K, used 629089K [0x0000000080000000, 0x00000000a6680000, 0x00000000d5580000)
  object space 629248K, 99% used [0x0000000080000000,0x00000000a6658668,0x00000000a6680000)
 Metaspace       used 83178K, committed 84800K, reserved 1179648K
  class space    used 8513K, committed 9216K, reserved 1048576K
}
Event: 12220.200 GC heap after
{Heap after GC invocations=787 (full 4):
 PSYoungGen      total 11264K, used 2784K [0x00000000d5580000, 0x00000000d6380000, 0x0000000100000000)
  eden space 8192K, 0% used [0x00000000d5580000,0x00000000d5580000,0x00000000d5d80000)
  from space 3072K, 90% used [0x00000000d5f80000,0x00000000d6238020,0x00000000d6280000)
  to   space 1024K, 0% used [0x00000000d6280000,0x00000000d6280000,0x00000000d6380000)
 ParOldGen       total 631296K, used 630826K [0x0000000080000000, 0x00000000a6880000, 0x00000000d5580000)
  object space 631296K, 99% used [0x0000000080000000,0x00000000a680a838,0x00000000a6880000)
 Metaspace       used 83178K, committed 84800K, reserved 1179648K
  class space    used 8513K, committed 9216K, reserved 1048576K
}
Event: 12220.408 GC heap before
{Heap before GC invocations=788 (full 4):
 PSYoungGen      total 11264K, used 10976K [0x00000000d5580000, 0x00000000d6380000, 0x0000000100000000)
  eden space 8192K, 100% used [0x00000000d5580000,0x00000000d5d80000,0x00000000d5d80000)
  from space 3072K, 90% used [0x00000000d5f80000,0x00000000d6238020,0x00000000d6280000)
  to   space 1024K, 0% used [0x00000000d6280000,0x00000000d6280000,0x00000000d6380000)
 ParOldGen       total 631296K, used 630826K [0x0000000080000000, 0x00000000a6880000, 0x00000000d5580000)
  object space 631296K, 99% used [0x0000000080000000,0x00000000a680a838,0x00000000a6880000)
 Metaspace       used 83178K, committed 84800K, reserved 1179648K
  class space    used 8513K, committed 9216K, reserved 1048576K
}
Event: 12220.418 GC heap after
{Heap after GC invocations=788 (full 4):
 PSYoungGen      total 8192K, used 1015K [0x00000000d5580000, 0x00000000d6980000, 0x0000000100000000)
  eden space 7168K, 0% used [0x00000000d5580000,0x00000000d5580000,0x00000000d5c80000)
  from space 1024K, 99% used [0x00000000d6280000,0x00000000d637ddd0,0x00000000d6380000)
  to   space 6144K, 0% used [0x00000000d5c80000,0x00000000d5c80000,0x00000000d6280000)
 ParOldGen       total 635392K, used 635210K [0x0000000080000000, 0x00000000a6c80000, 0x00000000d5580000)
  object space 635392K, 99% used [0x0000000080000000,0x00000000a6c52b40,0x00000000a6c80000)
 Metaspace       used 83178K, committed 84800K, reserved 1179648K
  class space    used 8513K, committed 9216K, reserved 1048576K
}
Event: 12220.531 GC heap before
{Heap before GC invocations=789 (full 4):
 PSYoungGen      total 8192K, used 8183K [0x00000000d5580000, 0x00000000d6980000, 0x0000000100000000)
  eden space 7168K, 100% used [0x00000000d5580000,0x00000000d5c80000,0x00000000d5c80000)
  from space 1024K, 99% used [0x00000000d6280000,0x00000000d637ddd0,0x00000000d6380000)
  to   space 6144K, 0% used [0x00000000d5c80000,0x00000000d5c80000,0x00000000d6280000)
 ParOldGen       total 635392K, used 635210K [0x0000000080000000, 0x00000000a6c80000, 0x00000000d5580000)
  object space 635392K, 99% used [0x0000000080000000,0x00000000a6c52b40,0x00000000a6c80000)
 Metaspace       used 83179K, committed 84800K, reserved 1179648K
  class space    used 8513K, committed 9216K, reserved 1048576K
}
Event: 12220.540 GC heap after
{Heap after GC invocations=789 (full 4):
 PSYoungGen      total 7680K, used 473K [0x00000000d5580000, 0x00000000d6300000, 0x0000000100000000)
  eden space 7168K, 0% used [0x00000000d5580000,0x00000000d5580000,0x00000000d5c80000)
  from space 512K, 92% used [0x00000000d5c80000,0x00000000d5cf66f0,0x00000000d5d00000)
  to   space 2560K, 0% used [0x00000000d6080000,0x00000000d6080000,0x00000000d6300000)
 ParOldGen       total 636416K, used 636238K [0x0000000080000000, 0x00000000a6d80000, 0x00000000d5580000)
  object space 636416K, 99% used [0x0000000080000000,0x00000000a6d538d0,0x00000000a6d80000)
 Metaspace       used 83179K, committed 84800K, reserved 1179648K
  class space    used 8513K, committed 9216K, reserved 1048576K
}
Event: 12220.616 GC heap before
{Heap before GC invocations=790 (full 4):
 PSYoungGen      total 7680K, used 7641K [0x00000000d5580000, 0x00000000d6300000, 0x0000000100000000)
  eden space 7168K, 100% used [0x00000000d5580000,0x00000000d5c80000,0x00000000d5c80000)
  from space 512K, 92% used [0x00000000d5c80000,0x00000000d5cf66f0,0x00000000d5d00000)
  to   space 2560K, 0% used [0x00000000d6080000,0x00000000d6080000,0x00000000d6300000)
 ParOldGen       total 636416K, used 636238K [0x0000000080000000, 0x00000000a6d80000, 0x00000000d5580000)
  object space 636416K, 99% used [0x0000000080000000,0x00000000a6d538d0,0x00000000a6d80000)
 Metaspace       used 83180K, committed 84800K, reserved 1179648K
  class space    used 8513K, committed 9216K, reserved 1048576K
}
Event: 12220.619 GC heap after
{Heap after GC invocations=790 (full 4):
 PSYoungGen      total 7680K, used 128K [0x00000000d5580000, 0x00000000d6100000, 0x0000000100000000)
  eden space 7168K, 0% used [0x00000000d5580000,0x00000000d5580000,0x00000000d5c80000)
  from space 512K, 25% used [0x00000000d6080000,0x00000000d60a0000,0x00000000d6100000)
  to   space 1024K, 0% used [0x00000000d5f00000,0x00000000d5f00000,0x00000000d6000000)
 ParOldGen       total 636928K, used 636761K [0x0000000080000000, 0x00000000a6e00000, 0x00000000d5580000)
  object space 636928K, 99% used [0x0000000080000000,0x00000000a6dd64b0,0x00000000a6e00000)
 Metaspace       used 83180K, committed 84800K, reserved 1179648K
  class space    used 8513K, committed 9216K, reserved 1048576K
}
Event: 12220.968 GC heap before
{Heap before GC invocations=791 (full 4):
 PSYoungGen      total 7680K, used 7296K [0x00000000d5580000, 0x00000000d6100000, 0x0000000100000000)
  eden space 7168K, 100% used [0x00000000d5580000,0x00000000d5c80000,0x00000000d5c80000)
  from space 512K, 25% used [0x00000000d6080000,0x00000000d60a0000,0x00000000d6100000)
  to   space 1024K, 0% used [0x00000000d5f00000,0x00000000d5f00000,0x00000000d6000000)
 ParOldGen       total 636928K, used 636761K [0x0000000080000000, 0x00000000a6e00000, 0x00000000d5580000)
  object space 636928K, 99% used [0x0000000080000000,0x00000000a6dd64b0,0x00000000a6e00000)
 Metaspace       used 83192K, committed 84800K, reserved 1179648K
  class space    used 8513K, committed 9216K, reserved 1048576K
}
Event: 12220.970 GC heap after
{Heap after GC invocations=791 (full 4):
 PSYoungGen      total 8192K, used 128K [0x00000000d5580000, 0x00000000d6100000, 0x0000000100000000)
  eden space 7168K, 0% used [0x00000000d5580000,0x00000000d5580000,0x00000000d5c80000)
  from space 1024K, 12% used [0x00000000d5f00000,0x00000000d5f20000,0x00000000d6000000)
  to   space 512K, 0% used [0x00000000d6080000,0x00000000d6080000,0x00000000d6100000)
 ParOldGen       total 636928K, used 636785K [0x0000000080000000, 0x00000000a6e00000, 0x00000000d5580000)
  object space 636928K, 99% used [0x0000000080000000,0x00000000a6ddc4b0,0x00000000a6e00000)
 Metaspace       used 83192K, committed 84800K, reserved 1179648K
  class space    used 8513K, committed 9216K, reserved 1048576K
}
Event: 12221.120 GC heap before
{Heap before GC invocations=792 (full 4):
 PSYoungGen      total 8192K, used 7296K [0x00000000d5580000, 0x00000000d6100000, 0x0000000100000000)
  eden space 7168K, 100% used [0x00000000d5580000,0x00000000d5c80000,0x00000000d5c80000)
  from space 1024K, 12% used [0x00000000d5f00000,0x00000000d5f20000,0x00000000d6000000)
  to   space 512K, 0% used [0x00000000d6080000,0x00000000d6080000,0x00000000d6100000)
 ParOldGen       total 636928K, used 636785K [0x0000000080000000, 0x00000000a6e00000, 0x00000000d5580000)
  object space 636928K, 99% used [0x0000000080000000,0x00000000a6ddc4b0,0x00000000a6e00000)
 Metaspace       used 83192K, committed 84800K, reserved 1179648K
  class space    used 8513K, committed 9216K, reserved 1048576K
}
Event: 12221.125 GC heap after
{Heap after GC invocations=792 (full 4):
 PSYoungGen      total 7680K, used 128K [0x00000000d5580000, 0x00000000d6100000, 0x0000000100000000)
  eden space 7168K, 0% used [0x00000000d5580000,0x00000000d5580000,0x00000000d5c80000)
  from space 512K, 25% used [0x00000000d6080000,0x00000000d60a0000,0x00000000d6100000)
  to   space 512K, 0% used [0x00000000d6000000,0x00000000d6000000,0x00000000d6080000)
 ParOldGen       total 636928K, used 636809K [0x0000000080000000, 0x00000000a6e00000, 0x00000000d5580000)
  object space 636928K, 99% used [0x0000000080000000,0x00000000a6de24b0,0x00000000a6e00000)
 Metaspace       used 83192K, committed 84800K, reserved 1179648K
  class space    used 8513K, committed 9216K, reserved 1048576K
}
Event: 12221.217 GC heap before
{Heap before GC invocations=793 (full 4):
 PSYoungGen      total 7680K, used 7296K [0x00000000d5580000, 0x00000000d6100000, 0x0000000100000000)
  eden space 7168K, 100% used [0x00000000d5580000,0x00000000d5c80000,0x00000000d5c80000)
  from space 512K, 25% used [0x00000000d6080000,0x00000000d60a0000,0x00000000d6100000)
  to   space 512K, 0% used [0x00000000d6000000,0x00000000d6000000,0x00000000d6080000)
 ParOldGen       total 636928K, used 636809K [0x0000000080000000, 0x00000000a6e00000, 0x00000000d5580000)
  object space 636928K, 99% used [0x0000000080000000,0x00000000a6de24b0,0x00000000a6e00000)
 Metaspace       used 83192K, committed 84800K, reserved 1179648K
  class space    used 8513K, committed 9216K, reserved 1048576K
}
Event: 12221.219 GC heap after
{Heap after GC invocations=793 (full 4):
 PSYoungGen      total 7680K, used 128K [0x00000000d5580000, 0x00000000d6100000, 0x0000000100000000)
  eden space 7168K, 0% used [0x00000000d5580000,0x00000000d5580000,0x00000000d5c80000)
  from space 512K, 25% used [0x00000000d6000000,0x00000000d6020000,0x00000000d6080000)
  to   space 512K, 0% used [0x00000000d6080000,0x00000000d6080000,0x00000000d6100000)
 ParOldGen       total 636928K, used 636833K [0x0000000080000000, 0x00000000a6e00000, 0x00000000d5580000)
  object space 636928K, 99% used [0x0000000080000000,0x00000000a6de84b0,0x00000000a6e00000)
 Metaspace       used 83192K, committed 84800K, reserved 1179648K
  class space    used 8513K, committed 9216K, reserved 1048576K
}
Event: 12221.301 GC heap before
{Heap before GC invocations=794 (full 4):
 PSYoungGen      total 7680K, used 7296K [0x00000000d5580000, 0x00000000d6100000, 0x0000000100000000)
  eden space 7168K, 100% used [0x00000000d5580000,0x00000000d5c80000,0x00000000d5c80000)
  from space 512K, 25% used [0x00000000d6000000,0x00000000d6020000,0x00000000d6080000)
  to   space 512K, 0% used [0x00000000d6080000,0x00000000d6080000,0x00000000d6100000)
 ParOldGen       total 636928K, used 636833K [0x0000000080000000, 0x00000000a6e00000, 0x00000000d5580000)
  object space 636928K, 99% used [0x0000000080000000,0x00000000a6de84b0,0x00000000a6e00000)
 Metaspace       used 83192K, committed 84800K, reserved 1179648K
  class space    used 8513K, committed 9216K, reserved 1048576K
}
Event: 12221.303 GC heap after
{Heap after GC invocations=794 (full 4):
 PSYoungGen      total 7680K, used 128K [0x00000000d5580000, 0x00000000d6100000, 0x0000000100000000)
  eden space 7168K, 0% used [0x00000000d5580000,0x00000000d5580000,0x00000000d5c80000)
  from space 512K, 25% used [0x00000000d6080000,0x00000000d60a0000,0x00000000d6100000)
  to   space 512K, 0% used [0x00000000d6000000,0x00000000d6000000,0x00000000d6080000)
 ParOldGen       total 636928K, used 636857K [0x0000000080000000, 0x00000000a6e00000, 0x00000000d5580000)
  object space 636928K, 99% used [0x0000000080000000,0x00000000a6dee4b0,0x00000000a6e00000)
 Metaspace       used 83192K, committed 84800K, reserved 1179648K
  class space    used 8513K, committed 9216K, reserved 1048576K
}
Event: 12227.152 GC heap before
{Heap before GC invocations=795 (full 4):
 PSYoungGen      total 7680K, used 7296K [0x00000000d5580000, 0x00000000d6100000, 0x0000000100000000)
  eden space 7168K, 100% used [0x00000000d5580000,0x00000000d5c80000,0x00000000d5c80000)
  from space 512K, 25% used [0x00000000d6080000,0x00000000d60a0000,0x00000000d6100000)
  to   space 512K, 0% used [0x00000000d6000000,0x00000000d6000000,0x00000000d6080000)
 ParOldGen       total 636928K, used 636857K [0x0000000080000000, 0x00000000a6e00000, 0x00000000d5580000)
  object space 636928K, 99% used [0x0000000080000000,0x00000000a6dee4b0,0x00000000a6e00000)
 Metaspace       used 83196K, committed 84800K, reserved 1179648K
  class space    used 8513K, committed 9216K, reserved 1048576K
}
Event: 12227.158 GC heap after
{Heap after GC invocations=795 (full 4):
 PSYoungGen      total 7680K, used 96K [0x00000000d5580000, 0x00000000d6100000, 0x0000000100000000)
  eden space 7168K, 0% used [0x00000000d5580000,0x00000000d5580000,0x00000000d5c80000)
  from space 512K, 18% used [0x00000000d6000000,0x00000000d6018000,0x00000000d6080000)
  to   space 512K, 0% used [0x00000000d6080000,0x00000000d6080000,0x00000000d6100000)
 ParOldGen       total 636928K, used 636881K [0x0000000080000000, 0x00000000a6e00000, 0x00000000d5580000)
  object space 636928K, 99% used [0x0000000080000000,0x00000000a6df44b0,0x00000000a6e00000)
 Metaspace       used 83196K, committed 84800K, reserved 1179648K
  class space    used 8513K, committed 9216K, reserved 1048576K
}
Event: 12336.383 GC heap before
{Heap before GC invocations=796 (full 4):
 PSYoungGen      total 7680K, used 7264K [0x00000000d5580000, 0x00000000d6100000, 0x0000000100000000)
  eden space 7168K, 100% used [0x00000000d5580000,0x00000000d5c80000,0x00000000d5c80000)
  from space 512K, 18% used [0x00000000d6000000,0x00000000d6018000,0x00000000d6080000)
  to   space 512K, 0% used [0x00000000d6080000,0x00000000d6080000,0x00000000d6100000)
 ParOldGen       total 636928K, used 636881K [0x0000000080000000, 0x00000000a6e00000, 0x00000000d5580000)
  object space 636928K, 99% used [0x0000000080000000,0x00000000a6df44b0,0x00000000a6e00000)
 Metaspace       used 83219K, committed 84800K, reserved 1179648K
  class space    used 8513K, committed 9216K, reserved 1048576K
}
Event: 12336.940 GC heap after
{Heap after GC invocations=796 (full 4):
 PSYoungGen      total 7680K, used 224K [0x00000000d5580000, 0x00000000d6100000, 0x0000000100000000)
  eden space 7168K, 0% used [0x00000000d5580000,0x00000000d5580000,0x00000000d5c80000)
  from space 512K, 43% used [0x00000000d6080000,0x00000000d60b8040,0x00000000d6100000)
  to   space 512K, 0% used [0x00000000d6000000,0x00000000d6000000,0x00000000d6080000)
 ParOldGen       total 636928K, used 636897K [0x0000000080000000, 0x00000000a6e00000, 0x00000000d5580000)
  object space 636928K, 99% used [0x0000000080000000,0x00000000a6df84b0,0x00000000a6e00000)
 Metaspace       used 83219K, committed 84800K, reserved 1179648K
  class space    used 8513K, committed 9216K, reserved 1048576K
}

