# JRE version: OpenJDK Runtime Environment (23.0.1+11) (build 23.0.1+11-39)
# Java VM: OpenJDK 64-Bit Server VM (23.0.1+11-39, mixed mode, sharing, tiered, compressed oops, compressed class ptrs, g1 gc, windows-amd64)
GC Precious Log:
 CardTable entry size: 512
 Card Set container configuration: InlinePtr #cards 5 size 8 Array Of Cards #cards 10 size 36 Howl #buckets 4 coarsen threshold 1843 Howl Bitmap #cards 512 size 80 coarsen threshold 460 Card regions per heap region 1 cards per card region 2048
 CPUs: 4 total, 4 available
 Memory: 4001M
 Large Page Support: Disabled
 NUMA Support: Disabled
 Compressed Oops: Enabled (32-bit)
 Heap Region Size: 1M
 Heap Min Capacity: 8M
 Heap Initial Capacity: 64M
 Heap Max Capacity: 1002M
 Pre-touch: Disabled
 Parallel Workers: 4
 Concurrent Workers: 1
 Concurrent Refinement Workers: 4
 Periodic GC: Disabled
Heap:
 garbage-first heap   total reserved 1026048K, committed 192512K, used 122880K [0x00000000c1600000, 0x0000000100000000)
  region size 1024K, 7 young (7168K), 7 survivors (7168K)
 Metaspace       used 24445K, committed 25088K, reserved 1114112K
  class space    used 2878K, committed 3136K, reserved 1048576K
GC Heap History (20 events):
Event: 38.667 GC heap after
{Heap after GC invocations=4 (full 0):
 garbage-first heap   total reserved 1026048K, committed 65536K, used 23865K [0x00000000c1600000, 0x0000000100000000)
  region size 1024K, 2 young (2048K), 2 survivors (2048K)
 Metaspace       used 21057K, committed 21376K, reserved 1114112K
  class space    used 2443K, committed 2560K, reserved 1048576K
}
Event: 38.684 GC heap before
{Heap before GC invocations=4 (full 0):
 garbage-first heap   total reserved 1026048K, committed 65536K, used 26937K [0x00000000c1600000, 0x0000000100000000)
  region size 1024K, 3 young (3072K), 2 survivors (2048K)
 Metaspace       used 21070K, committed 21376K, reserved 1114112K
  class space    used 2443K, committed 2560K, reserved 1048576K
}
Event: 38.687 GC heap after
{Heap after GC invocations=5 (full 0):
 garbage-first heap   total reserved 1026048K, committed 65536K, used 24916K [0x00000000c1600000, 0x0000000100000000)
  region size 1024K, 2 young (2048K), 2 survivors (2048K)
 Metaspace       used 21070K, committed 21376K, reserved 1114112K
  class space    used 2443K, committed 2560K, reserved 1048576K
}
Event: 38.704 GC heap before
{Heap before GC invocations=5 (full 0):
 garbage-first heap   total reserved 1026048K, committed 65536K, used 31060K [0x00000000c1600000, 0x0000000100000000)
  region size 1024K, 4 young (4096K), 2 survivors (2048K)
 Metaspace       used 21073K, committed 21376K, reserved 1114112K
  class space    used 2443K, committed 2560K, reserved 1048576K
}
Event: 38.708 GC heap after
{Heap after GC invocations=6 (full 0):
 garbage-first heap   total reserved 1026048K, committed 65536K, used 26746K [0x00000000c1600000, 0x0000000100000000)
  region size 1024K, 2 young (2048K), 2 survivors (2048K)
 Metaspace       used 21073K, committed 21376K, reserved 1114112K
  class space    used 2443K, committed 2560K, reserved 1048576K
}
Event: 38.710 GC heap before
{Heap before GC invocations=6 (full 0):
 garbage-first heap   total reserved 1026048K, committed 65536K, used 28794K [0x00000000c1600000, 0x0000000100000000)
  region size 1024K, 2 young (2048K), 2 survivors (2048K)
 Metaspace       used 21073K, committed 21376K, reserved 1114112K
  class space    used 2443K, committed 2560K, reserved 1048576K
}
Event: 38.713 GC heap after
{Heap after GC invocations=7 (full 0):
 garbage-first heap   total reserved 1026048K, committed 65536K, used 28859K [0x00000000c1600000, 0x0000000100000000)
  region size 1024K, 2 young (2048K), 2 survivors (2048K)
 Metaspace       used 21073K, committed 21376K, reserved 1114112K
  class space    used 2443K, committed 2560K, reserved 1048576K
}
Event: 38.717 GC heap before
{Heap before GC invocations=7 (full 0):
 garbage-first heap   total reserved 1026048K, committed 65536K, used 32955K [0x00000000c1600000, 0x0000000100000000)
  region size 1024K, 3 young (3072K), 2 survivors (2048K)
 Metaspace       used 21073K, committed 21376K, reserved 1114112K
  class space    used 2443K, committed 2560K, reserved 1048576K
}
Event: 38.722 GC heap after
{Heap after GC invocations=8 (full 0):
 garbage-first heap   total reserved 1026048K, committed 172032K, used 30926K [0x00000000c1600000, 0x0000000100000000)
  region size 1024K, 2 young (2048K), 2 survivors (2048K)
 Metaspace       used 21073K, committed 21376K, reserved 1114112K
  class space    used 2443K, committed 2560K, reserved 1048576K
}
Event: 38.766 GC heap before
{Heap before GC invocations=8 (full 0):
 garbage-first heap   total reserved 1026048K, committed 172032K, used 55502K [0x00000000c1600000, 0x0000000100000000)
  region size 1024K, 3 young (3072K), 2 survivors (2048K)
 Metaspace       used 21219K, committed 21504K, reserved 1114112K
  class space    used 2458K, committed 2560K, reserved 1048576K
}
Event: 38.769 GC heap after
{Heap after GC invocations=9 (full 0):
 garbage-first heap   total reserved 1026048K, committed 172032K, used 35108K [0x00000000c1600000, 0x0000000100000000)
  region size 1024K, 2 young (2048K), 2 survivors (2048K)
 Metaspace       used 21219K, committed 21504K, reserved 1114112K
  class space    used 2458K, committed 2560K, reserved 1048576K
}
Event: 39.734 GC heap before
{Heap before GC invocations=10 (full 0):
 garbage-first heap   total reserved 1026048K, committed 181248K, used 179492K [0x00000000c1600000, 0x0000000100000000)
  region size 1024K, 15 young (15360K), 2 survivors (2048K)
 Metaspace       used 24103K, committed 24768K, reserved 1114112K
  class space    used 2875K, committed 3136K, reserved 1048576K
}
Event: 39.744 GC heap after
{Heap after GC invocations=11 (full 0):
 garbage-first heap   total reserved 1026048K, committed 186368K, used 50835K [0x00000000c1600000, 0x0000000100000000)
  region size 1024K, 5 young (5120K), 5 survivors (5120K)
 Metaspace       used 24103K, committed 24768K, reserved 1114112K
  class space    used 2875K, committed 3136K, reserved 1048576K
}
Event: 40.903 GC heap before
{Heap before GC invocations=11 (full 0):
 garbage-first heap   total reserved 1026048K, committed 186368K, used 162451K [0x00000000c1600000, 0x0000000100000000)
  region size 1024K, 109 young (111616K), 5 survivors (5120K)
 Metaspace       used 24440K, committed 25088K, reserved 1114112K
  class space    used 2877K, committed 3136K, reserved 1048576K
}
Event: 40.943 GC heap after
{Heap after GC invocations=12 (full 0):
 garbage-first heap   total reserved 1026048K, committed 192512K, used 73478K [0x00000000c1600000, 0x0000000100000000)
  region size 1024K, 14 young (14336K), 14 survivors (14336K)
 Metaspace       used 24440K, committed 25088K, reserved 1114112K
  class space    used 2877K, committed 3136K, reserved 1048576K
}
Event: 41.610 GC heap before
{Heap before GC invocations=12 (full 0):
 garbage-first heap   total reserved 1026048K, committed 192512K, used 118534K [0x00000000c1600000, 0x0000000100000000)
  region size 1024K, 58 young (59392K), 14 survivors (14336K)
 Metaspace       used 24445K, committed 25088K, reserved 1114112K
  class space    used 2878K, committed 3136K, reserved 1048576K
}
Event: 41.667 GC heap after
{Heap after GC invocations=13 (full 0):
 garbage-first heap   total reserved 1026048K, committed 192512K, used 88576K [0x00000000c1600000, 0x0000000100000000)
  region size 1024K, 8 young (8192K), 8 survivors (8192K)
 Metaspace       used 24445K, committed 25088K, reserved 1114112K
  class space    used 2878K, committed 3136K, reserved 1048576K
}
Event: 42.191 GC heap before
{Heap before GC invocations=13 (full 0):
 garbage-first heap   total reserved 1026048K, committed 192512K, used 139776K [0x00000000c1600000, 0x0000000100000000)
  region size 1024K, 58 young (59392K), 8 survivors (8192K)
 Metaspace       used 24445K, committed 25088K, reserved 1114112K
  class space    used 2878K, committed 3136K, reserved 1048576K
}
Event: 42.220 GC heap after
{Heap after GC invocations=14 (full 0):
 garbage-first heap   total reserved 1026048K, committed 192512K, used 107008K [0x00000000c1600000, 0x0000000100000000)
  region size 1024K, 8 young (8192K), 8 survivors (8192K)
 Metaspace       used 24445K, committed 25088K, reserved 1114112K
  class space    used 2878K, committed 3136K, reserved 1048576K
}
Event: 42.741 GC heap before
{Heap before GC invocations=14 (full 0):
 garbage-first heap   total reserved 1026048K, committed 192512K, used 152064K [0x00000000c1600000, 0x0000000100000000)
  region size 1024K, 52 young (53248K), 8 survivors (8192K)
 Metaspace       used 24445K, committed 25088K, reserved 1114112K
  class space    used 2878K, committed 3136K, reserved 1048576K
}

