# JRE version: Java(TM) SE Runtime Environment (23.0.1+11) (build 23.0.1+11-39)
# Java VM: Java HotSpot(TM) 64-Bit Server VM (23.0.1+11-39, mixed mode, sharing, tiered, compressed oops, compressed class ptrs, g1 gc, windows-amd64)
GC Precious Log:
 CardTable entry size: 512
 Card Set container configuration: InlinePtr #cards 5 size 8 Array Of Cards #cards 10 size 36 Howl #buckets 4 coarsen threshold 1843 Howl Bitmap #cards 512 size 80 coarsen threshold 460 Card regions per heap region 1 cards per card region 2048
 CPUs: 4 total, 4 available
 Memory: 4001M
 Large Page Support: Disabled
 NUMA Support: Disabled
 Compressed Oops: Enabled (32-bit)
 Heap Region Size: 1M
 Heap Min Capacity: 8M
 Heap Initial Capacity: 64M
 Heap Max Capacity: 1002M
 Pre-touch: Disabled
 Parallel Workers: 4
 Concurrent Workers: 1
 Concurrent Refinement Workers: 4
 Periodic GC: Disabled
Heap:
 garbage-first heap   total reserved 1026048K, committed 209920K, used 172032K [0x00000000c1600000, 0x0000000100000000)
  region size 1024K, 4 young (4096K), 4 survivors (4096K)
 Metaspace       used 24608K, committed 25216K, reserved 1114112K
  class space    used 2866K, committed 3136K, reserved 1048576K
GC Heap History (20 events):
Event: 87.034 GC heap after
{Heap after GC invocations=3 (full 0):
 garbage-first heap   total reserved 1026048K, committed 65536K, used 24776K [0x00000000c1600000, 0x0000000100000000)
  region size 1024K, 2 young (2048K), 2 survivors (2048K)
 Metaspace       used 20543K, committed 20928K, reserved 1114112K
  class space    used 2341K, committed 2496K, reserved 1048576K
}
Event: 87.056 GC heap before
{Heap before GC invocations=3 (full 0):
 garbage-first heap   total reserved 1026048K, committed 65536K, used 29896K [0x00000000c1600000, 0x0000000100000000)
  region size 1024K, 3 young (3072K), 2 survivors (2048K)
 Metaspace       used 20553K, committed 20928K, reserved 1114112K
  class space    used 2341K, committed 2496K, reserved 1048576K
}
Event: 87.058 GC heap after
{Heap after GC invocations=4 (full 0):
 garbage-first heap   total reserved 1026048K, committed 65536K, used 29798K [0x00000000c1600000, 0x0000000100000000)
  region size 1024K, 1 young (1024K), 1 survivors (1024K)
 Metaspace       used 20553K, committed 20928K, reserved 1114112K
  class space    used 2341K, committed 2496K, reserved 1048576K
}
Event: 87.690 GC heap before
{Heap before GC invocations=5 (full 0):
 garbage-first heap   total reserved 1026048K, committed 207872K, used 205926K [0x00000000c1600000, 0x0000000100000000)
  region size 1024K, 8 young (8192K), 1 survivors (1024K)
 Metaspace       used 21363K, committed 21696K, reserved 1114112K
  class space    used 2450K, committed 2560K, reserved 1048576K
}
Event: 87.694 GC heap after
{Heap after GC invocations=6 (full 0):
 garbage-first heap   total reserved 1026048K, committed 209920K, used 58872K [0x00000000c1600000, 0x0000000100000000)
  region size 1024K, 2 young (2048K), 2 survivors (2048K)
 Metaspace       used 21363K, committed 21696K, reserved 1114112K
  class space    used 2450K, committed 2560K, reserved 1048576K
}
Event: 89.602 GC heap before
{Heap before GC invocations=6 (full 0):
 garbage-first heap   total reserved 1026048K, committed 209920K, used 174584K [0x00000000c1600000, 0x0000000100000000)
  region size 1024K, 97 young (99328K), 2 survivors (2048K)
 Metaspace       used 24568K, committed 25216K, reserved 1114112K
  class space    used 2865K, committed 3136K, reserved 1048576K
}
Event: 89.632 GC heap after
{Heap after GC invocations=7 (full 0):
 garbage-first heap   total reserved 1026048K, committed 209920K, used 88036K [0x00000000c1600000, 0x0000000100000000)
  region size 1024K, 13 young (13312K), 13 survivors (13312K)
 Metaspace       used 24568K, committed 25216K, reserved 1114112K
  class space    used 2865K, committed 3136K, reserved 1048576K
}
Event: 89.639 GC heap before
{Heap before GC invocations=7 (full 0):
 garbage-first heap   total reserved 1026048K, committed 209920K, used 89060K [0x00000000c1600000, 0x0000000100000000)
  region size 1024K, 14 young (14336K), 13 survivors (13312K)
 Metaspace       used 24568K, committed 25216K, reserved 1114112K
  class space    used 2865K, committed 3136K, reserved 1048576K
}
Event: 89.664 GC heap after
{Heap after GC invocations=8 (full 0):
 garbage-first heap   total reserved 1026048K, committed 209920K, used 90068K [0x00000000c1600000, 0x0000000100000000)
  region size 1024K, 1 young (1024K), 1 survivors (1024K)
 Metaspace       used 24568K, committed 25216K, reserved 1114112K
  class space    used 2865K, committed 3136K, reserved 1048576K
}
Event: 90.695 GC heap before
{Heap before GC invocations=8 (full 0):
 garbage-first heap   total reserved 1026048K, committed 209920K, used 154580K [0x00000000c1600000, 0x0000000100000000)
  region size 1024K, 64 young (65536K), 1 survivors (1024K)
 Metaspace       used 24582K, committed 25216K, reserved 1114112K
  class space    used 2865K, committed 3136K, reserved 1048576K
}
Event: 90.717 GC heap after
{Heap after GC invocations=9 (full 0):
 garbage-first heap   total reserved 1026048K, committed 209920K, used 112128K [0x00000000c1600000, 0x0000000100000000)
  region size 1024K, 8 young (8192K), 8 survivors (8192K)
 Metaspace       used 24582K, committed 25216K, reserved 1114112K
  class space    used 2865K, committed 3136K, reserved 1048576K
}
Event: 91.284 GC heap before
{Heap before GC invocations=9 (full 0):
 garbage-first heap   total reserved 1026048K, committed 209920K, used 165376K [0x00000000c1600000, 0x0000000100000000)
  region size 1024K, 60 young (61440K), 8 survivors (8192K)
 Metaspace       used 24582K, committed 25216K, reserved 1114112K
  class space    used 2865K, committed 3136K, reserved 1048576K
}
Event: 91.313 GC heap after
{Heap after GC invocations=10 (full 0):
 garbage-first heap   total reserved 1026048K, committed 209920K, used 131584K [0x00000000c1600000, 0x0000000100000000)
  region size 1024K, 8 young (8192K), 8 survivors (8192K)
 Metaspace       used 24582K, committed 25216K, reserved 1114112K
  class space    used 2865K, committed 3136K, reserved 1048576K
}
Event: 91.734 GC heap before
{Heap before GC invocations=11 (full 0):
 garbage-first heap   total reserved 1026048K, committed 209920K, used 160256K [0x00000000c1600000, 0x0000000100000000)
  region size 1024K, 49 young (50176K), 8 survivors (8192K)
 Metaspace       used 24582K, committed 25216K, reserved 1114112K
  class space    used 2865K, committed 3136K, reserved 1048576K
}
Event: 91.755 GC heap after
{Heap after GC invocations=12 (full 0):
 garbage-first heap   total reserved 1026048K, committed 209920K, used 134656K [0x00000000c1600000, 0x0000000100000000)
  region size 1024K, 7 young (7168K), 7 survivors (7168K)
 Metaspace       used 24582K, committed 25216K, reserved 1114112K
  class space    used 2865K, committed 3136K, reserved 1048576K
}
Event: 92.161 GC heap before
{Heap before GC invocations=12 (full 0):
 garbage-first heap   total reserved 1026048K, committed 209920K, used 174592K [0x00000000c1600000, 0x0000000100000000)
  region size 1024K, 46 young (47104K), 7 survivors (7168K)
 Metaspace       used 24582K, committed 25216K, reserved 1114112K
  class space    used 2865K, committed 3136K, reserved 1048576K
}
Event: 92.188 GC heap after
{Heap after GC invocations=13 (full 0):
 garbage-first heap   total reserved 1026048K, committed 209920K, used 149504K [0x00000000c1600000, 0x0000000100000000)
  region size 1024K, 6 young (6144K), 6 survivors (6144K)
 Metaspace       used 24582K, committed 25216K, reserved 1114112K
  class space    used 2865K, committed 3136K, reserved 1048576K
}
Event: 92.496 GC heap before
{Heap before GC invocations=13 (full 0):
 garbage-first heap   total reserved 1026048K, committed 209920K, used 182272K [0x00000000c1600000, 0x0000000100000000)
  region size 1024K, 38 young (38912K), 6 survivors (6144K)
 Metaspace       used 24608K, committed 25216K, reserved 1114112K
  class space    used 2866K, committed 3136K, reserved 1048576K
}
Event: 92.512 GC heap after
{Heap after GC invocations=14 (full 0):
 garbage-first heap   total reserved 1026048K, committed 209920K, used 162304K [0x00000000c1600000, 0x0000000100000000)
  region size 1024K, 5 young (5120K), 5 survivors (5120K)
 Metaspace       used 24608K, committed 25216K, reserved 1114112K
  class space    used 2866K, committed 3136K, reserved 1048576K
}
Event: 92.746 GC heap before
{Heap before GC invocations=14 (full 0):
 garbage-first heap   total reserved 1026048K, committed 209920K, used 187904K [0x00000000c1600000, 0x0000000100000000)
  region size 1024K, 30 young (30720K), 5 survivors (5120K)
 Metaspace       used 24608K, committed 25216K, reserved 1114112K
  class space    used 2866K, committed 3136K, reserved 1048576K
}

